Build started 30/01/2013 22:35:45.
     1>Project "C:\Users\James\Documents\GitHub\direct3dtest\D3DSample\D3DSample\D3DSample.vcxproj" on node 2 (build target(s)).
     1>InitializeBuildStatus:
         Creating "Debug\D3DSample.unsuccessfulbuild" because "AlwaysCreate" was specified.
       ClCompile:
         All outputs are up-to-date.
         c:\Program Files (x86)\Microsoft Visual Studio 10.0\VC\bin\CL.exe /c /I"C:\Program Files (x86)\Microsoft DirectX SDK (June 2010)\\Include" /ZI /nologo /W3 /WX- /Od /Oy- /D WIN32 /D _DEBUG /D _WINDOWS /D _UNICODE /D UNICODE /Gm /EHsc /RTC1 /MDd /GS /fp:precise /Zc:wchar_t /Zc:forScope /Yu"StdAfx.h" /Fp"Debug\D3DSample.pch" /Fo"Debug\\" /Fd"Debug\vc100.pdb" /Gd /TP /analyze- /errorReport:prompt D3DSample.cpp
         D3DSample.cpp
     1>c:\users\james\documents\github\direct3dtest\d3dsample\d3dsample\d3dsample.cpp(482): warning C4101: 'technique' : unreferenced local variable
     1>c:\users\james\documents\github\direct3dtest\d3dsample\d3dsample\d3dsample.cpp(615): warning C4101: 'ps' : unreferenced local variable
     1>c:\users\james\documents\github\direct3dtest\d3dsample\d3dsample\d3dsample.cpp(616): warning C4101: 'hdc' : unreferenced local variable
       ResourceCompile:
         All outputs are up-to-date.
       ManifestResourceCompile:
         All outputs are up-to-date.
       Link:
         c:\Program Files (x86)\Microsoft Visual Studio 10.0\VC\bin\link.exe /ERRORREPORT:PROMPT /OUT:"C:\Users\James\Documents\GitHub\direct3dtest\D3DSample\Debug\D3DSample.exe" /INCREMENTAL /NOLOGO /LIBPATH:"C:\Program Files (x86)\Microsoft DirectX SDK (June 2010)\\Lib\x86" kernel32.lib user32.lib gdi32.lib winspool.lib comdlg32.lib advapi32.lib shell32.lib ole32.lib oleaut32.lib uuid.lib odbc32.lib odbccp32.lib /MANIFEST /ManifestFile:"Debug\D3DSample.exe.intermediate.manifest" /MANIFESTUAC:"level='asInvoker' uiAccess='false'" /DEBUG /PDB:"C:\Users\James\Documents\GitHub\direct3dtest\D3DSample\Debug\D3DSample.pdb" /SUBSYSTEM:WINDOWS /TLBID:1 /DYNAMICBASE /NXCOMPAT /IMPLIB:"C:\Users\James\Documents\GitHub\direct3dtest\D3DSample\Debug\D3DSample.lib" /MACHINE:X86 Debug\D3DSample.res
         Debug\D3DSample.exe.embed.manifest.res
         Debug\D3DSample.obj
         Debug\stdafx.obj
       Manifest:
         C:\Program Files (x86)\Microsoft SDKs\Windows\v7.0A\bin\mt.exe /nologo /verbose /out:"Debug\D3DSample.exe.embed.manifest" /manifest Debug\D3DSample.exe.intermediate.manifest
         All outputs are up-to-date.
       LinkEmbedManifest:
         All outputs are up-to-date.
         D3DSample.vcxproj -> C:\Users\James\Documents\GitHub\direct3dtest\D3DSample\Debug\D3DSample.exe
       FinalizeBuildStatus:
         Deleting file "Debug\D3DSample.unsuccessfulbuild".
         Touching "Debug\D3DSample.lastbuildstate".
     1>Done Building Project "C:\Users\James\Documents\GitHub\direct3dtest\D3DSample\D3DSample\D3DSample.vcxproj" (build target(s)).

Build succeeded.

Time Elapsed 00:00:03.37
