T:\My Documents\Visual Studio 2010\Projects\D3DSample\D3DSample\Debug\cl.command.1.tlog
T:\My Documents\Visual Studio 2010\Projects\D3DSample\D3DSample\Debug\CL.read.1.tlog
T:\My Documents\Visual Studio 2010\Projects\D3DSample\D3DSample\Debug\CL.write.1.tlog
T:\MY DOCUMENTS\VISUAL STUDIO 2010\PROJECTS\D3DSAMPLE\D3DSAMPLE\DEBUG\D3DSAMPLE.EXE.EMBED.MANIFEST
T:\MY DOCUMENTS\VISUAL STUDIO 2010\PROJECTS\D3DSAMPLE\D3DSAMPLE\DEBUG\D3DSAMPLE.EXE.EMBED.MANIFEST.RES
T:\MY DOCUMENTS\VISUAL STUDIO 2010\PROJECTS\D3DSAMPLE\D3DSAMPLE\DEBUG\D3DSAMPLE.EXE.INTERMEDIATE.MANIFEST
T:\MY DOCUMENTS\VISUAL STUDIO 2010\PROJECTS\D3DSAMPLE\D3DSAMPLE\DEBUG\D3DSAMPLE.OBJ
T:\MY DOCUMENTS\VISUAL STUDIO 2010\PROJECTS\D3DSAMPLE\D3DSAMPLE\DEBUG\D3DSAMPLE.PCH
T:\MY DOCUMENTS\VISUAL STUDIO 2010\PROJECTS\D3DSAMPLE\D3DSAMPLE\DEBUG\D3DSAMPLE.RES
T:\My Documents\Visual Studio 2010\Projects\D3DSample\D3DSample\Debug\D3DSample_manifest.rc
T:\My Documents\Visual Studio 2010\Projects\D3DSample\D3DSample\Debug\link.command.1.tlog
T:\My Documents\Visual Studio 2010\Projects\D3DSample\D3DSample\Debug\link.read.1.tlog
T:\My Documents\Visual Studio 2010\Projects\D3DSample\D3DSample\Debug\link.read.2.tlog
T:\My Documents\Visual Studio 2010\Projects\D3DSample\D3DSample\Debug\link.write.1.tlog
T:\My Documents\Visual Studio 2010\Projects\D3DSample\D3DSample\Debug\link-cvtres.read.1.tlog
T:\My Documents\Visual Studio 2010\Projects\D3DSample\D3DSample\Debug\link-cvtres.write.1.tlog
T:\My Documents\Visual Studio 2010\Projects\D3DSample\D3DSample\Debug\mt.command.1.tlog
T:\My Documents\Visual Studio 2010\Projects\D3DSample\D3DSample\Debug\mt.read.1.tlog
T:\My Documents\Visual Studio 2010\Projects\D3DSample\D3DSample\Debug\mt.write.1.tlog
T:\My Documents\Visual Studio 2010\Projects\D3DSample\D3DSample\Debug\rc.command.1.tlog
T:\My Documents\Visual Studio 2010\Projects\D3DSample\D3DSample\Debug\rc.read.1.tlog
T:\My Documents\Visual Studio 2010\Projects\D3DSample\D3DSample\Debug\rc.read.2.tlog
T:\My Documents\Visual Studio 2010\Projects\D3DSample\D3DSample\Debug\rc.write.1.tlog
T:\MY DOCUMENTS\VISUAL STUDIO 2010\PROJECTS\D3DSAMPLE\D3DSAMPLE\DEBUG\STDAFX.OBJ
T:\My Documents\Visual Studio 2010\Projects\D3DSample\D3DSample\Debug\vc100.idb
T:\MY DOCUMENTS\VISUAL STUDIO 2010\PROJECTS\D3DSAMPLE\D3DSAMPLE\DEBUG\VC100.PDB
T:\MY DOCUMENTS\VISUAL STUDIO 2010\PROJECTS\D3DSAMPLE\DEBUG\D3DSAMPLE.EXE
T:\MY DOCUMENTS\VISUAL STUDIO 2010\PROJECTS\D3DSAMPLE\DEBUG\D3DSAMPLE.ILK
T:\MY DOCUMENTS\VISUAL STUDIO 2010\PROJECTS\D3DSAMPLE\DEBUG\D3DSAMPLE.PDB
