Build started 30/01/2013 22:36:20.
     1>Project "C:\Users\James\Documents\GitHub\direct3dtest\D3DSample\D3DSample\D3DSample.vcxproj" on node 2 (build target(s)).
     1>PrepareForBuild:
         Creating directory "C:\Users\James\Documents\GitHub\direct3dtest\D3DSample\Release\".
       InitializeBuildStatus:
         Creating "Release\D3DSample.unsuccessfulbuild" because "AlwaysCreate" was specified.
       ClCompile:
         c:\Program Files (x86)\Microsoft Visual Studio 10.0\VC\bin\CL.exe /c /I"C:\Program Files (x86)\Microsoft DirectX SDK (June 2010)\\Include" /Zi /nologo /W3 /WX- /O2 /Oi /Oy- /GL /D WIN32 /D NDEBUG /D _WINDOWS /D _UNICODE /D UNICODE /Gm- /EHsc /MD /GS /Gy /fp:precise /Zc:wchar_t /Zc:forScope /Yc"StdAfx.h" /Fp"Release\D3DSample.pch" /Fo"Release\\" /Fd"Release\vc100.pdb" /Gd /TP /analyze- /errorReport:prompt stdafx.cpp
         stdafx.cpp
         c:\Program Files (x86)\Microsoft Visual Studio 10.0\VC\bin\CL.exe /c /I"C:\Program Files (x86)\Microsoft DirectX SDK (June 2010)\\Include" /Zi /nologo /W3 /WX- /O2 /Oi /Oy- /GL /D WIN32 /D NDEBUG /D _WINDOWS /D _UNICODE /D UNICODE /Gm- /EHsc /MD /GS /Gy /fp:precise /Zc:wchar_t /Zc:forScope /Yu"StdAfx.h" /Fp"Release\D3DSample.pch" /Fo"Release\\" /Fd"Release\vc100.pdb" /Gd /TP /analyze- /errorReport:prompt D3DSample.cpp
         D3DSample.cpp
     1>D3DSample.cpp(482): warning C4101: 'technique' : unreferenced local variable
     1>D3DSample.cpp(615): warning C4101: 'ps' : unreferenced local variable
     1>D3DSample.cpp(616): warning C4101: 'hdc' : unreferenced local variable
       ResourceCompile:
         C:\Program Files (x86)\Microsoft SDKs\Windows\v7.0A\bin\rc.exe /D _UNICODE /D UNICODE /l"0x0409" /nologo /fo"Release\D3DSample.res" D3DSample.rc 
       Link:
         c:\Program Files (x86)\Microsoft Visual Studio 10.0\VC\bin\link.exe /ERRORREPORT:PROMPT /OUT:"C:\Users\James\Documents\GitHub\direct3dtest\D3DSample\Release\D3DSample.exe" /INCREMENTAL:NO /NOLOGO /LIBPATH:"C:\Program Files (x86)\Microsoft DirectX SDK (June 2010)\\Lib\x86" kernel32.lib user32.lib gdi32.lib winspool.lib comdlg32.lib advapi32.lib shell32.lib ole32.lib oleaut32.lib uuid.lib odbc32.lib odbccp32.lib /MANIFEST /ManifestFile:"Release\D3DSample.exe.intermediate.manifest" /MANIFESTUAC:"level='asInvoker' uiAccess='false'" /DEBUG /PDB:"C:\Users\James\Documents\GitHub\direct3dtest\D3DSample\Release\D3DSample.pdb" /SUBSYSTEM:WINDOWS /OPT:REF /OPT:ICF /LTCG /TLBID:1 /DYNAMICBASE /NXCOMPAT /IMPLIB:"C:\Users\James\Documents\GitHub\direct3dtest\D3DSample\Release\D3DSample.lib" /MACHINE:X86 Release\D3DSample.res
         Release\D3DSample.obj
         Release\stdafx.obj
         Generating code
         Finished generating code
         D3DSample.vcxproj -> C:\Users\James\Documents\GitHub\direct3dtest\D3DSample\Release\D3DSample.exe
       Manifest:
         C:\Program Files (x86)\Microsoft SDKs\Windows\v7.0A\bin\mt.exe /nologo /verbose /outputresource:"C:\Users\James\Documents\GitHub\direct3dtest\D3DSample\Release\D3DSample.exe;#1" /manifest Release\D3DSample.exe.intermediate.manifest
       FinalizeBuildStatus:
         Deleting file "Release\D3DSample.unsuccessfulbuild".
         Touching "Release\D3DSample.lastbuildstate".
     1>Done Building Project "C:\Users\James\Documents\GitHub\direct3dtest\D3DSample\D3DSample\D3DSample.vcxproj" (build target(s)).

Build succeeded.

Time Elapsed 00:00:02.41
